c:\users\administrator\desktop\1\1\debug\1.pch
c:\users\administrator\desktop\1\1\debug\vc140.pdb
c:\users\administrator\desktop\1\1\debug\vc140.idb
c:\users\administrator\desktop\1\1\debug\stdafx.obj
c:\users\administrator\desktop\1\1\debug\1doc.obj
c:\users\administrator\desktop\1\1\debug\1view.obj
c:\users\administrator\desktop\1\1\debug\childfrm.obj
c:\users\administrator\desktop\1\1\debug\classview.obj
c:\users\administrator\desktop\1\1\debug\colorspace.obj
c:\users\administrator\desktop\1\1\debug\fileview.obj
c:\users\administrator\desktop\1\1\debug\fourtrans.obj
c:\users\administrator\desktop\1\1\debug\freenhance.obj
c:\users\administrator\desktop\1\1\debug\graychange.obj
c:\users\administrator\desktop\1\1\debug\imagedib.obj
c:\users\administrator\desktop\1\1\debug\imageenhan.obj
c:\users\administrator\desktop\1\1\debug\imgsegment.obj
c:\users\administrator\desktop\1\1\debug\mainfrm.obj
c:\users\administrator\desktop\1\1\debug\mediansmoothdlg.obj
c:\users\administrator\desktop\1\1\debug\morphology.obj
c:\users\administrator\desktop\1\1\debug\neiaversmoothdlg.obj
c:\users\administrator\desktop\1\1\debug\outputwnd.obj
c:\users\administrator\desktop\1\1\debug\propertieswnd.obj
c:\users\administrator\desktop\1\1\debug\viewtree.obj
c:\users\administrator\desktop\1\1\debug\wavetrans.obj
c:\users\administrator\desktop\1\1\debug\1.obj
c:\users\administrator\desktop\1\debug\1.ilk
c:\users\administrator\desktop\1\debug\1.exe
c:\users\administrator\desktop\1\debug\1.pdb
c:\users\administrator\desktop\1\1\debug\1.res
c:\users\administrator\desktop\1\1\debug\1.tlog\cl.command.1.tlog
c:\users\administrator\desktop\1\1\debug\1.tlog\cl.read.1.tlog
c:\users\administrator\desktop\1\1\debug\1.tlog\cl.write.1.tlog
c:\users\administrator\desktop\1\1\debug\1.tlog\link.command.1.tlog
c:\users\administrator\desktop\1\1\debug\1.tlog\link.read.1.tlog
c:\users\administrator\desktop\1\1\debug\1.tlog\link.write.1.tlog
c:\users\administrator\desktop\1\1\debug\1.tlog\rc.command.1.tlog
c:\users\administrator\desktop\1\1\debug\1.tlog\rc.read.1.tlog
c:\users\administrator\desktop\1\1\debug\1.tlog\rc.write.1.tlog
